<?xml version="1.0" encoding="UTF-8"?>
<!-- Generated by org.testng.reporters.JUnitXMLReporter -->
<testsuite hostname="Thomas-PC" ignored="0" name=" Running multiple methods" tests="4" failures="0" timestamp="2021-01-23T12:30:52 EST" time="47.0" errors="0">
  <testcase name="@BeforeMethod setupMethod" time="11.764" classname="elena.TestBase">
    <failure type="java.lang.NullPointerException">
      <![CDATA[java.lang.NullPointerException
at elena.TestBase.setupMethod(TestBase.java:72)
at java.util.ArrayList.forEach(Unknown Source)
... Removed 31 stack frames]]>
    </failure>
  </testcase> <!-- @BeforeMethod setupMethod -->
  <testcase name="@BeforeMethod setupMethod" time="10.405" classname="elena.TestBase">
    <failure type="java.lang.NullPointerException">
      <![CDATA[java.lang.NullPointerException
at elena.TestBase.setupMethod(TestBase.java:72)
at java.util.ArrayList.forEach(Unknown Source)
... Removed 31 stack frames]]>
    </failure>
  </testcase> <!-- @BeforeMethod setupMethod -->
  <testcase name="@BeforeMethod setupMethod" time="7.597" classname="elena.TestBase">
    <failure type="java.lang.NullPointerException">
      <![CDATA[java.lang.NullPointerException
at elena.TestBase.setupMethod(TestBase.java:72)
at java.util.ArrayList.forEach(Unknown Source)
... Removed 31 stack frames]]>
    </failure>
  </testcase> <!-- @BeforeMethod setupMethod -->
  <testcase name="@BeforeMethod setupMethod" time="11.557" classname="elena.TestBase">
    <failure type="java.lang.NullPointerException">
      <![CDATA[java.lang.NullPointerException
at elena.TestBase.setupMethod(TestBase.java:72)
at java.util.ArrayList.forEach(Unknown Source)
... Removed 31 stack frames]]>
    </failure>
  </testcase> <!-- @BeforeMethod setupMethod -->
  <testcase name="byBrandFiltersCheck" time="0.0" classname="elena.Sprint1ByBrandFiltersCheckTest">
    <skipped/>
  </testcase> <!-- byBrandFiltersCheck -->
  <testcase name="suvsFiltersCheck" time="0.0" classname="elena.Sprint1SuvsFiltersCheckTest">
    <skipped/>
  </testcase> <!-- suvsFiltersCheck -->
  <testcase name="ageCheckForLoan" time="0.0" classname="elena.Sprint2AgeCheckForLoanTest">
    <skipped/>
  </testcase> <!-- ageCheckForLoan -->
  <testcase name="ecoFriendly" time="0.0" classname="elena.Sprint2EcoFriendlyTest">
    <skipped/>
  </testcase> <!-- ecoFriendly -->
</testsuite> <!--  Running multiple methods -->
