<?xml version="1.0" encoding="UTF-8"?>
<!-- Generated by org.testng.reporters.JUnitXMLReporter -->
<testsuite hostname="Thomas-PC" ignored="16" name=" Running multiple methods" tests="9" failures="0" timestamp="2021-01-23T23:59:06 EST" time="308.075" errors="0">
  <testcase name="byBrandCheck" time="16.269" classname="elena.Sprint1ByBrandCheckTest"/>
  <testcase name="byBrandFiltersCheck" time="18.287" classname="elena.Sprint1ByBrandFiltersCheckTest"/>
  <testcase name="byPriceCheck" time="13.429" classname="elena.Sprint1ByPriceCheckTest"/>
  <testcase name="suvsFiltersCheck" time="15.928" classname="elena.Sprint1SuvsFiltersCheckTest"/>
  <testcase name="suvsURLCheck" time="22.192" classname="elena.Sprint1SuvsURLCheckTest"/>
  <testcase name="ageCheckForLoan" time="43.735" classname="elena.Sprint2AgeCheckForLoanTest"/>
  <testcase name="ecoFriendly" time="23.767" classname="elena.Sprint2EcoFriendlyTest"/>
  <testcase name="engineCheck" time="32.79" classname="elena.Sprint2EngineCheckTest"/>
  <testcase name="shopByYear" time="26.509" classname="elena.Sprint2ShopByYearTest"/>
  <testcase name="@BeforeSuite setUpReport" time="0.0" classname="elena.TestBase">
    <ignored/>
  </testcase> <!-- @BeforeSuite setUpReport -->
  <testcase name="@BeforeSuite setUpReport" time="0.0" classname="elena.TestBase">
    <ignored/>
  </testcase> <!-- @BeforeSuite setUpReport -->
  <testcase name="@BeforeSuite setUpReport" time="0.0" classname="elena.TestBase">
    <ignored/>
  </testcase> <!-- @BeforeSuite setUpReport -->
  <testcase name="@BeforeSuite setUpReport" time="0.0" classname="elena.TestBase">
    <ignored/>
  </testcase> <!-- @BeforeSuite setUpReport -->
  <testcase name="@BeforeSuite setUpReport" time="0.0" classname="elena.TestBase">
    <ignored/>
  </testcase> <!-- @BeforeSuite setUpReport -->
  <testcase name="@BeforeSuite setUpReport" time="0.0" classname="elena.TestBase">
    <ignored/>
  </testcase> <!-- @BeforeSuite setUpReport -->
  <testcase name="@BeforeSuite setUpReport" time="0.0" classname="elena.TestBase">
    <ignored/>
  </testcase> <!-- @BeforeSuite setUpReport -->
  <testcase name="@BeforeSuite setUpReport" time="0.0" classname="elena.TestBase">
    <ignored/>
  </testcase> <!-- @BeforeSuite setUpReport -->
  <testcase name="@AfterSuite tearDownReport" time="0.0" classname="elena.TestBase">
    <ignored/>
  </testcase> <!-- @AfterSuite tearDownReport -->
  <testcase name="@AfterSuite tearDownReport" time="0.0" classname="elena.TestBase">
    <ignored/>
  </testcase> <!-- @AfterSuite tearDownReport -->
  <testcase name="@AfterSuite tearDownReport" time="0.0" classname="elena.TestBase">
    <ignored/>
  </testcase> <!-- @AfterSuite tearDownReport -->
  <testcase name="@AfterSuite tearDownReport" time="0.0" classname="elena.TestBase">
    <ignored/>
  </testcase> <!-- @AfterSuite tearDownReport -->
  <testcase name="@AfterSuite tearDownReport" time="0.0" classname="elena.TestBase">
    <ignored/>
  </testcase> <!-- @AfterSuite tearDownReport -->
  <testcase name="@AfterSuite tearDownReport" time="0.0" classname="elena.TestBase">
    <ignored/>
  </testcase> <!-- @AfterSuite tearDownReport -->
  <testcase name="@AfterSuite tearDownReport" time="0.0" classname="elena.TestBase">
    <ignored/>
  </testcase> <!-- @AfterSuite tearDownReport -->
  <testcase name="@AfterSuite tearDownReport" time="0.0" classname="elena.TestBase">
    <ignored/>
  </testcase> <!-- @AfterSuite tearDownReport -->
</testsuite> <!--  Running multiple methods -->
