<?xml version="1.0" encoding="UTF-8"?>
<!-- Generated by org.testng.reporters.JUnitXMLReporter -->
<testsuite hostname="Thomas-PC" ignored="16" name=" Running multiple methods" tests="15" failures="1" timestamp="2021-01-23T01:36:34 EST" time="492.825" errors="0">
  <testcase name="byBrandCheck" time="17.375" classname="Elena.Sprint1ByBrandCheckTest"/>
  <testcase name="byBrandFiltersCheck" time="19.032" classname="Elena.Sprint1ByBrandFiltersCheckTest"/>
  <testcase name="byPriceCheck" time="13.992" classname="Elena.Sprint1ByPriceCheckTest"/>
  <testcase name="suvsFiltersCheck" time="15.706" classname="Elena.Sprint1SuvsFiltersCheckTest"/>
  <testcase name="suvsURLCheck" time="18.372" classname="Elena.Sprint1SuvsURLCheckTest"/>
  <testcase name="ageCheckForLoan" time="46.202" classname="Elena.Sprint2AgeCheckForLoanTest"/>
  <testcase name="titleCheck" time="24.164" classname="Elena.Sprint2DataPrTitleCheckTest"/>
  <testcase name="titleCheck" time="22.392" classname="Elena.Sprint2DataPrTitleCheckTest"/>
  <testcase name="titleCheck" time="23.912" classname="Elena.Sprint2DataPrTitleCheckTest"/>
  <testcase name="titleCheck" time="24.311" classname="Elena.Sprint2DataPrTitleCheckTest"/>
  <testcase name="titleCheck" time="21.372" classname="Elena.Sprint2DataPrTitleCheckTest"/>
  <testcase name="titleCheck" time="23.784" classname="Elena.Sprint2DataPrTitleCheckTest"/>
  <testcase name="ecoFriendly" time="19.459" classname="Elena.Sprint2EcoFriendlyTest">
    <failure type="org.openqa.selenium.ElementClickInterceptedException" message="element click intercepted: Element &amp;lt;div class=&amp;quot;image-carousel--scroller kmx-typography--body-1&amp;quot;&amp;gt;...&amp;lt;/div&amp;gt; is not clickable at point (625, 420). Other element would receive the click: &amp;lt;div class=&amp;quot;ReactModal__Content ReactModal__Content--after-open modal--content location-confirm-modal--wrapper--3_pwa&amp;quot; tabindex=&amp;quot;-1&amp;quot; role=&amp;quot;dialog&amp;quot; aria-label=&amp;quot;Your current store&amp;apos;s details&amp;quot; aria-describedby=&amp;quot;location-store-info location-store-capabilities&amp;quot; data-focus-visible-added=&amp;quot;&amp;quot; style=&amp;quot;height: 416px;&amp;quot;&amp;gt;...&amp;lt;/div&amp;gt;
  (Session info: chrome=87.0.4280.141)
Build info: version: &amp;apos;3.141.59&amp;apos;, revision: &amp;apos;e82be7d358&amp;apos;, time: &amp;apos;2018-11-14T08:17:03&amp;apos;
System info: host: &amp;apos;THOMAS-PC&amp;apos;, ip: &amp;apos;192.168.200.9&amp;apos;, os.name: &amp;apos;Windows 10&amp;apos;, os.arch: &amp;apos;amd64&amp;apos;, os.version: &amp;apos;10.0&amp;apos;, java.version: &amp;apos;1.8.0_251&amp;apos;
Driver info: org.openqa.selenium.chrome.ChromeDriver
Capabilities {acceptInsecureCerts: false, browserName: chrome, browserVersion: 87.0.4280.141, chrome: {chromedriverVersion: 87.0.4280.88 (89e2380a3e36c..., userDataDir: C:\Users\ELENAP~1\AppData\L...}, goog:chromeOptions: {debuggerAddress: localhost:61542}, javascriptEnabled: true, networkConnectionEnabled: false, pageLoadStrategy: normal, platform: WINDOWS, platformName: WINDOWS, proxy: Proxy(), setWindowRect: true, strictFileInteractability: false, timeouts: {implicit: 0, pageLoad: 300000, script: 30000}, unhandledPromptBehavior: dismiss and notify, webauthn:virtualAuthenticators: true}
Session ID: 81d1e929d2d3a20d713dd066f9dadce9">
      <![CDATA[org.openqa.selenium.ElementClickInterceptedException: element click intercepted: Element <div class="image-carousel--scroller kmx-typography--body-1">...</div> is not clickable at point (625, 420). Other element would receive the click: <div class="ReactModal__Content ReactModal__Content--after-open modal--content location-confirm-modal--wrapper--3_pwa" tabindex="-1" role="dialog" aria-label="Your current store's details" aria-describedby="location-store-info location-store-capabilities" data-focus-visible-added="" style="height: 416px;">...</div>
  (Session info: chrome=87.0.4280.141)
Build info: version: '3.141.59', revision: 'e82be7d358', time: '2018-11-14T08:17:03'
System info: host: 'THOMAS-PC', ip: '192.168.200.9', os.name: 'Windows 10', os.arch: 'amd64', os.version: '10.0', java.version: '1.8.0_251'
Driver info: org.openqa.selenium.chrome.ChromeDriver
Capabilities {acceptInsecureCerts: false, browserName: chrome, browserVersion: 87.0.4280.141, chrome: {chromedriverVersion: 87.0.4280.88 (89e2380a3e36c..., userDataDir: C:\Users\ELENAP~1\AppData\L...}, goog:chromeOptions: {debuggerAddress: localhost:61542}, javascriptEnabled: true, networkConnectionEnabled: false, pageLoadStrategy: normal, platform: WINDOWS, platformName: WINDOWS, proxy: Proxy(), setWindowRect: true, strictFileInteractability: false, timeouts: {implicit: 0, pageLoad: 300000, script: 30000}, unhandledPromptBehavior: dismiss and notify, webauthn:virtualAuthenticators: true}
Session ID: 81d1e929d2d3a20d713dd066f9dadce9
at org.openqa.selenium.remote.http.W3CHttpResponseCodec.createException(W3CHttpResponseCodec.java:187)
at org.openqa.selenium.remote.http.W3CHttpResponseCodec.decode(W3CHttpResponseCodec.java:122)
at org.openqa.selenium.remote.http.W3CHttpResponseCodec.decode(W3CHttpResponseCodec.java:49)
at org.openqa.selenium.remote.HttpCommandExecutor.execute(HttpCommandExecutor.java:158)
at org.openqa.selenium.remote.service.DriverCommandExecutor.execute(DriverCommandExecutor.java:83)
at org.openqa.selenium.remote.RemoteWebDriver.execute(RemoteWebDriver.java:552)
at org.openqa.selenium.remote.RemoteWebElement.execute(RemoteWebElement.java:285)
at org.openqa.selenium.remote.RemoteWebElement.click(RemoteWebElement.java:84)
at org.openqa.selenium.support.pagefactory.internal.LocatingElementHandler.invoke(LocatingElementHandler.java:51)
at com.sun.proxy.$Proxy15.click(Unknown Source)
at Elena.Sprint2EcoFriendlyTest.ecoFriendly(Sprint2EcoFriendlyTest.java:36)
at java.util.ArrayList.forEach(Unknown Source)
... Removed 34 stack frames]]>
    </failure>
  </testcase> <!-- ecoFriendly -->
  <testcase name="engineCheck" time="29.528" classname="Elena.Sprint2EngineCheckTest"/>
  <testcase name="shopByYear" time="16.44" classname="Elena.Sprint2ShopByYearTest"/>
  <testcase name="@BeforeSuite setUpReport" time="0.0" classname="tests.TestBase">
    <ignored/>
  </testcase> <!-- @BeforeSuite setUpReport -->
  <testcase name="@BeforeSuite setUpReport" time="0.0" classname="tests.TestBase">
    <ignored/>
  </testcase> <!-- @BeforeSuite setUpReport -->
  <testcase name="@BeforeSuite setUpReport" time="0.0" classname="tests.TestBase">
    <ignored/>
  </testcase> <!-- @BeforeSuite setUpReport -->
  <testcase name="@BeforeSuite setUpReport" time="0.0" classname="tests.TestBase">
    <ignored/>
  </testcase> <!-- @BeforeSuite setUpReport -->
  <testcase name="@BeforeSuite setUpReport" time="0.0" classname="tests.TestBase">
    <ignored/>
  </testcase> <!-- @BeforeSuite setUpReport -->
  <testcase name="@BeforeSuite setUpReport" time="0.0" classname="tests.TestBase">
    <ignored/>
  </testcase> <!-- @BeforeSuite setUpReport -->
  <testcase name="@BeforeSuite setUpReport" time="0.0" classname="tests.TestBase">
    <ignored/>
  </testcase> <!-- @BeforeSuite setUpReport -->
  <testcase name="@BeforeSuite setUpReport" time="0.0" classname="tests.TestBase">
    <ignored/>
  </testcase> <!-- @BeforeSuite setUpReport -->
  <testcase name="@AfterSuite tearDownReport" time="0.0" classname="tests.TestBase">
    <ignored/>
  </testcase> <!-- @AfterSuite tearDownReport -->
  <testcase name="@AfterSuite tearDownReport" time="0.0" classname="tests.TestBase">
    <ignored/>
  </testcase> <!-- @AfterSuite tearDownReport -->
  <testcase name="@AfterSuite tearDownReport" time="0.0" classname="tests.TestBase">
    <ignored/>
  </testcase> <!-- @AfterSuite tearDownReport -->
  <testcase name="@AfterSuite tearDownReport" time="0.0" classname="tests.TestBase">
    <ignored/>
  </testcase> <!-- @AfterSuite tearDownReport -->
  <testcase name="@AfterSuite tearDownReport" time="0.0" classname="tests.TestBase">
    <ignored/>
  </testcase> <!-- @AfterSuite tearDownReport -->
  <testcase name="@AfterSuite tearDownReport" time="0.0" classname="tests.TestBase">
    <ignored/>
  </testcase> <!-- @AfterSuite tearDownReport -->
  <testcase name="@AfterSuite tearDownReport" time="0.0" classname="tests.TestBase">
    <ignored/>
  </testcase> <!-- @AfterSuite tearDownReport -->
  <testcase name="@AfterSuite tearDownReport" time="0.0" classname="tests.TestBase">
    <ignored/>
  </testcase> <!-- @AfterSuite tearDownReport -->
</testsuite> <!--  Running multiple methods -->
