<?xml version="1.0" encoding="UTF-8"?>
<!-- Generated by org.testng.reporters.JUnitXMLReporter -->
<testsuite ignored="2" hostname="Furkans-MBP.lan" failures="0" tests="3" name="burcu smoke tests" time="37.789" errors="0" timestamp="2021-01-25T14:07:52 CST">
  <testcase classname="burcu.Sprint2CheckFilters2Test" name="checkFilterContent" time="7.794"/>
  <testcase classname="burcu.Sprint2CheckFilters2Test" name="checkFilterSize" time="6.778"/>
  <testcase classname="burcu.Sprint2CompareLinksTest" name="compareLinks" time="13.395"/>
  <testcase classname="burcu.TestBase" name="@AfterSuite tearDownReport" time="0.0">
    <ignored/>
  </testcase> <!-- @AfterSuite tearDownReport -->
  <testcase classname="burcu.TestBase" name="@BeforeSuite setUpReport" time="0.0">
    <ignored/>
  </testcase> <!-- @BeforeSuite setUpReport -->
</testsuite> <!-- burcu smoke tests -->
