<?xml version="1.0" encoding="UTF-8"?>
<!-- Generated by org.testng.reporters.JUnitXMLReporter -->
<testsuite hostname="Thomas-PC" ignored="0" name="smoke tests" tests="4" failures="0" timestamp="2021-01-24T00:15:11 EST" time="41.78" errors="0">
  <testcase name="@BeforeGroups setupGroup" time="8.585" classname="elena.TestBase">
    <failure type="java.lang.NullPointerException">
      <![CDATA[java.lang.NullPointerException
at elena.TestBase.setupGroup(TestBase.java:91)
at java.util.ArrayList.forEach(Unknown Source)
... Removed 31 stack frames]]>
    </failure>
  </testcase> <!-- @BeforeGroups setupGroup -->
  <testcase name="@BeforeMethod setupMethod" time="4.241" classname="elena.TestBase">
    <failure type="java.lang.NullPointerException">
      <![CDATA[java.lang.NullPointerException
at elena.TestBase.setupMethod(TestBase.java:75)
at java.util.ArrayList.forEach(Unknown Source)
... Removed 31 stack frames]]>
    </failure>
  </testcase> <!-- @BeforeMethod setupMethod -->
  <testcase name="@BeforeMethod setupMethod" time="10.955" classname="elena.TestBase">
    <failure type="java.lang.NullPointerException">
      <![CDATA[java.lang.NullPointerException
at elena.TestBase.setupMethod(TestBase.java:75)
at java.util.ArrayList.forEach(Unknown Source)
... Removed 31 stack frames]]>
    </failure>
  </testcase> <!-- @BeforeMethod setupMethod -->
  <testcase name="@BeforeMethod setupMethod" time="7.745" classname="elena.TestBase">
    <failure type="java.lang.NullPointerException">
      <![CDATA[java.lang.NullPointerException
at elena.TestBase.setupMethod(TestBase.java:75)
at java.util.ArrayList.forEach(Unknown Source)
... Removed 31 stack frames]]>
    </failure>
  </testcase> <!-- @BeforeMethod setupMethod -->
  <testcase name="@BeforeMethod setupMethod" time="7.186" classname="elena.TestBase">
    <failure type="java.lang.NullPointerException">
      <![CDATA[java.lang.NullPointerException
at elena.TestBase.setupMethod(TestBase.java:75)
at java.util.ArrayList.forEach(Unknown Source)
... Removed 31 stack frames]]>
    </failure>
  </testcase> <!-- @BeforeMethod setupMethod -->
  <testcase name="@AfterGroups tearDownGroup" time="-1.611465311317E9" classname="elena.TestBase">
    <skipped/>
  </testcase> <!-- @AfterGroups tearDownGroup -->
  <testcase name="byBrandFiltersCheck" time="0.0" classname="elena.Sprint1ByBrandFiltersCheckTest">
    <skipped/>
  </testcase> <!-- byBrandFiltersCheck -->
  <testcase name="suvsFiltersCheck" time="0.0" classname="elena.Sprint1SuvsFiltersCheckTest">
    <skipped/>
  </testcase> <!-- suvsFiltersCheck -->
  <testcase name="ageCheckForLoan" time="0.0" classname="elena.Sprint2AgeCheckForLoanTest">
    <skipped/>
  </testcase> <!-- ageCheckForLoan -->
  <testcase name="ecoFriendly" time="0.0" classname="elena.Sprint2EcoFriendlyTest">
    <skipped/>
  </testcase> <!-- ecoFriendly -->
</testsuite> <!-- smoke tests -->
