<?xml version="1.0" encoding="UTF-8"?>
<!-- Generated by org.testng.reporters.JUnitXMLReporter -->
<testsuite ignored="2" hostname="Furkans-MBP.lan" failures="0" tests="4" name="furkan smoke Test" time="89.38" errors="0" timestamp="2021-01-25T13:03:37 CST">
  <testcase classname="furkan.Sprint1SignInTest" name="negativeSignIn" time="11.996"/>
  <testcase classname="furkan.Sprint1SignInTest" name="negativeSignIn" time="11.347"/>
  <testcase classname="furkan.Sprint1SignInTest" name="positiveSignIn" time="30.945"/>
  <testcase classname="furkan.Sprint2SignOutTest" name="signOut" time="23.163"/>
  <testcase classname="furkan.TestBase" name="@BeforeSuite setUpReport" time="0.0">
    <ignored/>
  </testcase> <!-- @BeforeSuite setUpReport -->
  <testcase classname="furkan.TestBase" name="@AfterSuite tearDownReport" time="0.0">
    <ignored/>
  </testcase> <!-- @AfterSuite tearDownReport -->
</testsuite> <!-- furkan smoke Test -->
