<?xml version="1.0" encoding="UTF-8"?>
<!-- Generated by org.testng.reporters.JUnitXMLReporter -->
<testsuite ignored="0" hostname="Furkans-MBP.lan" failures="0" tests="5" name="nihal smoke Test" time="32.962" errors="0" timestamp="2021-01-25T16:40:18 CST">
  <testcase classname="tests.TestBase" name="@BeforeMethod setupMethod" time="7.364">
    <failure type="java.lang.NullPointerException">
      <![CDATA[java.lang.NullPointerException
at tests.TestBase.setupMethod(TestBase.java:67)
at java.base/java.util.ArrayList.forEach(ArrayList.java:1510)
... Removed 31 stack frames]]>
    </failure>
  </testcase> <!-- @BeforeMethod setupMethod -->
  <testcase classname="tests.TestBase" name="@BeforeMethod setupMethod" time="3.983">
    <failure type="java.lang.NullPointerException">
      <![CDATA[java.lang.NullPointerException
at tests.TestBase.setupMethod(TestBase.java:67)
at java.base/java.util.ArrayList.forEach(ArrayList.java:1510)
... Removed 31 stack frames]]>
    </failure>
  </testcase> <!-- @BeforeMethod setupMethod -->
  <testcase classname="tests.TestBase" name="@BeforeMethod setupMethod" time="3.584">
    <failure type="java.lang.NullPointerException">
      <![CDATA[java.lang.NullPointerException
at tests.TestBase.setupMethod(TestBase.java:67)
at java.base/java.util.ArrayList.forEach(ArrayList.java:1510)
... Removed 31 stack frames]]>
    </failure>
  </testcase> <!-- @BeforeMethod setupMethod -->
  <testcase classname="tests.TestBase" name="@BeforeMethod setupMethod" time="4.168">
    <failure type="java.lang.NullPointerException">
      <![CDATA[java.lang.NullPointerException
at tests.TestBase.setupMethod(TestBase.java:67)
at java.base/java.util.ArrayList.forEach(ArrayList.java:1510)
... Removed 31 stack frames]]>
    </failure>
  </testcase> <!-- @BeforeMethod setupMethod -->
  <testcase classname="nihal.Sprint1FooterTest" name="footerTest" time="0.0">
    <skipped/>
  </testcase> <!-- footerTest -->
  <testcase classname="nihal.Sprint1PolicyTest" name="checkPrivacyPolicy" time="0.0">
    <skipped/>
  </testcase> <!-- checkPrivacyPolicy -->
  <testcase classname="nihal.Sprint2CheckLinkTest" name="clickLink" time="0.0">
    <skipped/>
  </testcase> <!-- clickLink -->
  <testcase classname="nihal.Sprint2CheckLinkTest" name="clickLink1" time="0.0">
    <skipped/>
  </testcase> <!-- clickLink1 -->
  <testcase classname="nihal.Sprint2ServiceLinkTest" name="serviceRepair" time="11.746"/>
</testsuite> <!-- nihal smoke Test -->
