<?xml version="1.0" encoding="UTF-8"?>
<!-- Generated by org.testng.reporters.JUnitXMLReporter -->
<testsuite ignored="1" hostname="Furkans-MBP.lan" failures="0" tests="2" name="Default test" time="26.953" errors="0" timestamp="2021-01-25T13:01:03 CST">
  <testcase classname="furkan.Sprint1SignInTest" name="negativeSignIn" time="10.583"/>
  <testcase classname="furkan.Sprint1SignInTest" name="negativeSignIn" time="10.192"/>
  <testcase classname="furkan.Sprint1SignInTest" name="positiveSignIn" time="0.0">
    <ignored/>
  </testcase> <!-- positiveSignIn -->
</testsuite> <!-- Default test -->
