<?xml version="1.0" encoding="UTF-8"?>
<!-- Generated by org.testng.reporters.JUnitXMLReporter -->
<testsuite ignored="0" hostname="Furkans-MBP.lan" failures="0" tests="1" name="furkan smoke Test" time="5.41" errors="0" timestamp="2021-01-25T12:27:35 CST">
  <testcase classname="furkan.TestBase" name="@BeforeMethod setupMethod" time="5.267">
    <failure type="java.lang.NullPointerException">
      <![CDATA[java.lang.NullPointerException
at furkan.TestBase.setupMethod(TestBase.java:70)
at java.base/java.util.ArrayList.forEach(ArrayList.java:1510)
... Removed 31 stack frames]]>
    </failure>
  </testcase> <!-- @BeforeMethod setupMethod -->
  <testcase classname="furkan.Sprint1SavedCarTest" name="savedSearch" time="0.0">
    <skipped/>
  </testcase> <!-- savedSearch -->
</testsuite> <!-- furkan smoke Test -->
