<?xml version="1.0" encoding="UTF-8"?>
<!-- Generated by org.testng.reporters.JUnitXMLReporter -->
<testsuite ignored="0" hostname="Furkans-MBP.lan" failures="0" tests="5" name="Test" time="15.055" errors="0" timestamp="2021-01-25T12:07:10 CST">
  <testcase classname="furkan.TestBase" name="@BeforeMethod setupMethod" time="3.861">
    <failure type="java.lang.NullPointerException">
      <![CDATA[java.lang.NullPointerException
at furkan.TestBase.setupMethod(TestBase.java:70)
at java.base/java.util.ArrayList.forEach(ArrayList.java:1510)
... Removed 31 stack frames]]>
    </failure>
  </testcase> <!-- @BeforeMethod setupMethod -->
  <testcase classname="furkan.TestBase" name="@BeforeMethod setupMethod" time="2.534">
    <failure type="java.lang.NullPointerException">
      <![CDATA[java.lang.NullPointerException
at furkan.TestBase.setupMethod(TestBase.java:70)
at java.base/java.util.ArrayList.forEach(ArrayList.java:1510)
... Removed 31 stack frames]]>
    </failure>
  </testcase> <!-- @BeforeMethod setupMethod -->
  <testcase classname="furkan.TestBase" name="@BeforeMethod setupMethod" time="3.021">
    <failure type="java.lang.NullPointerException">
      <![CDATA[java.lang.NullPointerException
at furkan.TestBase.setupMethod(TestBase.java:70)
at java.base/java.util.ArrayList.forEach(ArrayList.java:1510)
... Removed 31 stack frames]]>
    </failure>
  </testcase> <!-- @BeforeMethod setupMethod -->
  <testcase classname="furkan.TestBase" name="@BeforeMethod setupMethod" time="2.681">
    <failure type="java.lang.NullPointerException">
      <![CDATA[java.lang.NullPointerException
at furkan.TestBase.setupMethod(TestBase.java:70)
at java.base/java.util.ArrayList.forEach(ArrayList.java:1510)
... Removed 31 stack frames]]>
    </failure>
  </testcase> <!-- @BeforeMethod setupMethod -->
  <testcase classname="furkan.TestBase" name="@BeforeMethod setupMethod" time="2.334">
    <failure type="java.lang.NullPointerException">
      <![CDATA[java.lang.NullPointerException
at furkan.TestBase.setupMethod(TestBase.java:70)
at java.base/java.util.ArrayList.forEach(ArrayList.java:1510)
... Removed 31 stack frames]]>
    </failure>
  </testcase> <!-- @BeforeMethod setupMethod -->
  <testcase classname="furkan.Sprint1SignInTest" name="negativeSignIn" time="0.0">
    <skipped/>
  </testcase> <!-- negativeSignIn -->
  <testcase classname="furkan.Sprint1SignInTest" name="negativeSignIn" time="0.0">
    <skipped/>
  </testcase> <!-- negativeSignIn -->
  <testcase classname="furkan.Sprint1SignInTest" name="negativeSignIn" time="0.0">
    <skipped/>
  </testcase> <!-- negativeSignIn -->
  <testcase classname="furkan.Sprint1SignInTest" name="negativeSignIn" time="0.0">
    <skipped/>
  </testcase> <!-- negativeSignIn -->
  <testcase classname="furkan.Sprint1SignInTest" name="positiveSignIn" time="0.0">
    <skipped/>
  </testcase> <!-- positiveSignIn -->
</testsuite> <!-- Test -->
