<?xml version="1.0" encoding="UTF-8"?>
<!-- Generated by org.testng.reporters.JUnitXMLReporter -->
<testsuite ignored="2" hostname="Furkans-MBP.lan" failures="0" tests="2" name="nastya smoke tests" time="34.194" errors="0" timestamp="2021-01-25T13:58:45 CST">
  <testcase classname="nastya.Sprint2ReasearchMoreTest" name="researchMore" time="25.89"/>
  <testcase classname="nastya.Sprint2PopularUsedCarsTest" name="checkAllLinks" time="0.36"/>
  <testcase classname="nastya.TestBase" name="@AfterSuite tearDownReport" time="0.0">
    <ignored/>
  </testcase> <!-- @AfterSuite tearDownReport -->
  <testcase classname="nastya.TestBase" name="@BeforeSuite setUpReport" time="0.0">
    <ignored/>
  </testcase> <!-- @BeforeSuite setUpReport -->
</testsuite> <!-- nastya smoke tests -->
