<?xml version="1.0" encoding="UTF-8"?>
<!-- Generated by org.testng.reporters.JUnitXMLReporter -->
<testsuite hostname="Thomas-PC" ignored="0" name="Headless Chrome Test" tests="3" failures="0" timestamp="2021-01-23T00:28:22 EST" time="49.187" errors="0">
  <testcase name="engineCheck" time="36.393" classname="Elena.Sprint2EngineCheckTest"/>
  <testcase name="engineCheck" time="37.557" classname="Elena.Sprint2EngineCheckTest"/>
  <testcase name="engineCheck" time="34.356" classname="Elena.Sprint2EngineCheckTest"/>
</testsuite> <!-- Headless Chrome Test -->
