<?xml version="1.0" encoding="UTF-8"?>
<testng-results ignored="0" total="2" passed="2" failed="0" skipped="0">
  <reporter-output>
  </reporter-output>
  <suite started-at="2021-01-25T17:55:46 CST" name="Suite" finished-at="2021-01-25T17:56:27 CST" duration-ms="41409">
    <groups>
      <group name="smoke">
        <method signature="Sprint2SignOutTest.signOut()[pri:0, instance:furkan.Sprint2SignOutTest@4567f35d]" name="signOut" class="furkan.Sprint2SignOutTest"/>
        <method signature="Sprint2SignOutTest.signOut()[pri:0, instance:furkan.Sprint2SignOutTest@74fe5c40]" name="signOut" class="furkan.Sprint2SignOutTest"/>
      </group> <!-- smoke -->
    </groups>
    <test started-at="2021-01-25T17:55:46 CST" name="firefoxTest" finished-at="2021-01-25T17:56:22 CST" duration-ms="36294">
      <class name="furkan.Sprint2SignOutTest">
        <test-method is-config="true" signature="setUpReport()[pri:0, instance:furkan.Sprint2SignOutTest@74fe5c40]" started-at="2021-01-25T17:55:45 CST" name="setUpReport" finished-at="2021-01-25T17:55:46 CST" duration-ms="312" status="PASS">
          <reporter-output>
          </reporter-output>
        </test-method> <!-- setUpReport -->
        <test-method is-config="true" signature="setupMethod(java.lang.String)[pri:0, instance:furkan.Sprint2SignOutTest@74fe5c40]" started-at="2021-01-25T17:55:46 CST" name="setupMethod" finished-at="2021-01-25T17:55:54 CST" duration-ms="7993" status="PASS">
          <params>
            <param index="0">
              <value>
                <![CDATA[firefox]]>
              </value>
            </param>
          </params>
          <reporter-output>
          </reporter-output>
        </test-method> <!-- setupMethod -->
        <test-method signature="signOut()[pri:0, instance:furkan.Sprint2SignOutTest@74fe5c40]" started-at="2021-01-25T17:55:54 CST" name="signOut" finished-at="2021-01-25T17:56:21 CST" duration-ms="27445" status="PASS">
          <reporter-output>
          </reporter-output>
        </test-method> <!-- signOut -->
        <test-method is-config="true" signature="teardownMethod(org.testng.ITestResult)[pri:0, instance:furkan.Sprint2SignOutTest@74fe5c40]" started-at="2021-01-25T17:56:21 CST" name="teardownMethod" finished-at="2021-01-25T17:56:22 CST" duration-ms="821" status="PASS">
          <params>
            <param index="0">
              <value>
                <![CDATA[[TestResult name=signOut status=SUCCESS method=Sprint2SignOutTest.signOut()[pri:0, instance:furkan.Sprint2SignOutTest@74fe5c40] output={null}]]]>
              </value>
            </param>
          </params>
          <reporter-output>
          </reporter-output>
        </test-method> <!-- teardownMethod -->
        <test-method is-config="true" signature="tearDownReport()[pri:0, instance:furkan.Sprint2SignOutTest@74fe5c40]" started-at="2021-01-25T17:56:27 CST" name="tearDownReport" finished-at="2021-01-25T17:56:28 CST" duration-ms="416" status="PASS">
          <reporter-output>
          </reporter-output>
        </test-method> <!-- tearDownReport -->
      </class> <!-- furkan.Sprint2SignOutTest -->
    </test> <!-- firefoxTest -->
    <test started-at="2021-01-25T17:55:46 CST" name="chromeTest" finished-at="2021-01-25T17:56:27 CST" duration-ms="41409">
      <class name="furkan.Sprint2SignOutTest">
        <test-method is-config="true" signature="setupMethod(java.lang.String)[pri:0, instance:furkan.Sprint2SignOutTest@4567f35d]" started-at="2021-01-25T17:55:46 CST" name="setupMethod" finished-at="2021-01-25T17:56:01 CST" duration-ms="15543" status="PASS">
          <params>
            <param index="0">
              <value>
                <![CDATA[chrome]]>
              </value>
            </param>
          </params>
          <reporter-output>
          </reporter-output>
        </test-method> <!-- setupMethod -->
        <test-method signature="signOut()[pri:0, instance:furkan.Sprint2SignOutTest@4567f35d]" started-at="2021-01-25T17:56:01 CST" name="signOut" finished-at="2021-01-25T17:56:27 CST" duration-ms="25645" status="PASS">
          <reporter-output>
          </reporter-output>
        </test-method> <!-- signOut -->
        <test-method is-config="true" signature="teardownMethod(org.testng.ITestResult)[pri:0, instance:furkan.Sprint2SignOutTest@4567f35d]" started-at="2021-01-25T17:56:27 CST" name="teardownMethod" finished-at="2021-01-25T17:56:27 CST" duration-ms="189" status="PASS">
          <params>
            <param index="0">
              <value>
                <![CDATA[[TestResult name=signOut status=SUCCESS method=Sprint2SignOutTest.signOut()[pri:0, instance:furkan.Sprint2SignOutTest@4567f35d] output={null}]]]>
              </value>
            </param>
          </params>
          <reporter-output>
          </reporter-output>
        </test-method> <!-- teardownMethod -->
      </class> <!-- furkan.Sprint2SignOutTest -->
    </test> <!-- chromeTest -->
  </suite> <!-- Suite -->
</testng-results>
