<?xml version="1.0" encoding="UTF-8"?>
<testng-results ignored="0" total="1" passed="1" failed="0" skipped="0">
  <reporter-output>
  </reporter-output>
  <suite started-at="2021-01-21T13:59:39 CST" name="Default suite" finished-at="2021-01-21T14:00:10 CST" duration-ms="31517">
    <groups>
    </groups>
    <test started-at="2021-01-21T13:59:39 CST" name="Default test" finished-at="2021-01-21T14:00:10 CST" duration-ms="31517">
      <class name="furkan.SetStoreTest">
        <test-method is-config="true" signature="setUpReport()[pri:0, instance:furkan.SetStoreTest@3e58a80e]" started-at="2021-01-21T13:59:39 CST" name="setUpReport" finished-at="2021-01-21T13:59:39 CST" duration-ms="209" status="PASS">
          <reporter-output>
          </reporter-output>
        </test-method> <!-- setUpReport -->
        <test-method is-config="true" signature="setupMethod(java.lang.String)[pri:0, instance:furkan.SetStoreTest@3e58a80e]" started-at="2021-01-21T13:59:39 CST" name="setupMethod" finished-at="2021-01-21T13:59:43 CST" duration-ms="3846" status="PASS">
          <params>
            <param index="0">
              <value is-null="true"/>
            </param>
          </params>
          <reporter-output>
          </reporter-output>
        </test-method> <!-- setupMethod -->
        <test-method signature="setStore()[pri:0, instance:furkan.SetStoreTest@3e58a80e]" started-at="2021-01-21T13:59:43 CST" name="setStore" finished-at="2021-01-21T14:00:10 CST" duration-ms="27504" status="PASS">
          <reporter-output>
          </reporter-output>
        </test-method> <!-- setStore -->
        <test-method is-config="true" signature="teardownMethod(org.testng.ITestResult)[pri:0, instance:furkan.SetStoreTest@3e58a80e]" started-at="2021-01-21T14:00:10 CST" name="teardownMethod" finished-at="2021-01-21T14:00:10 CST" duration-ms="145" status="PASS">
          <params>
            <param index="0">
              <value>
                <![CDATA[[TestResult name=setStore status=SUCCESS method=SetStoreTest.setStore()[pri:0, instance:furkan.SetStoreTest@3e58a80e] output={null}]]]>
              </value>
            </param>
          </params>
          <reporter-output>
          </reporter-output>
        </test-method> <!-- teardownMethod -->
        <test-method is-config="true" signature="tearDownReport()[pri:0, instance:furkan.SetStoreTest@3e58a80e]" started-at="2021-01-21T14:00:10 CST" name="tearDownReport" finished-at="2021-01-21T14:00:11 CST" duration-ms="319" status="PASS">
          <reporter-output>
          </reporter-output>
        </test-method> <!-- tearDownReport -->
      </class> <!-- furkan.SetStoreTest -->
    </test> <!-- Default test -->
  </suite> <!-- Default suite -->
</testng-results>
